2022-11-09 16:21:26,486 2np.jpg 2 numberplates detected. (2.8ms)-Load data, (137.8ms)-Inference, (1.0ms)-NMS
2022-11-09 16:21:26,487 2np.jpg 0 0.786 0.786667 0.675 0.116667 0.0566667
2022-11-09 16:21:26,488 2np.jpg 0 0.874 0.210833 0.451667 0.121667 0.0633333
2022-11-09 16:22:41,527 2np.jpg 2 numberplates detected. (2.8ms)-Load data, (150.6ms)-Inference, (1.0ms)-NMS
2022-11-09 16:22:41,529 2np.jpg 0 0.786 0.786667 0.675 0.116667 0.0566667
2022-11-09 16:22:41,529 2np.jpg 0 0.874 0.210833 0.451667 0.121667 0.0633333
2022-11-09 16:24:27,945 2np.jpg 2 numberplates detected. (3.0ms)-Load data, (135.2ms)-Inference, (0.0ms)-NMS
2022-11-10 00:11:39,273 Model Summary: 208 layers, 6007596 parameters, 0 gradients, 13.0 GFLOPS
2022-11-10 16:50:12,393 Using CPU. Note: This module is much faster with a GPU.
2022-11-10 16:50:41,545 Using CPU. Note: This module is much faster with a GPU.
2022-11-10 16:50:55,420 Using CPU. Note: This module is much faster with a GPU.
2022-11-10 21:11:06,822 Using CPU. Note: This module is much faster with a GPU.
2022-11-10 21:11:48,921 Using CPU. Note: This module is much faster with a GPU.
2022-11-10 21:13:17,918 Using CPU. Note: This module is much faster with a GPU.
2022-11-10 21:25:26,373 Using CPU. Note: This module is much faster with a GPU.
2022-11-10 21:25:48,612 Using CPU. Note: This module is much faster with a GPU.
2022-11-10 21:26:35,410 Using CPU. Note: This module is much faster with a GPU.
2022-11-10 21:28:55,798 Using CPU. Note: This module is much faster with a GPU.
2022-11-10 21:37:45,395 Using CPU. Note: This module is much faster with a GPU.
2022-11-10 22:25:27,759 Using CPU. Note: This module is much faster with a GPU.
2022-11-10 22:28:32,476 Using CPU. Note: This module is much faster with a GPU.
2022-11-10 22:30:16,501 Using CPU. Note: This module is much faster with a GPU.
2022-11-10 22:30:50,914 Using CPU. Note: This module is much faster with a GPU.
2022-11-10 23:00:19,561 Using CPU. Note: This module is much faster with a GPU.
2022-11-10 23:00:46,485 Using CPU. Note: This module is much faster with a GPU.
2022-11-10 23:06:38,752 Using CPU. Note: This module is much faster with a GPU.
2022-11-10 23:10:02,528 Using CPU. Note: This module is much faster with a GPU.
2022-11-10 23:11:17,416 Using CPU. Note: This module is much faster with a GPU.
2022-11-10 23:14:51,489 Using CPU. Note: This module is much faster with a GPU.
2022-11-10 23:15:51,099 Using CPU. Note: This module is much faster with a GPU.
2022-11-10 23:21:11,532 Using CPU. Note: This module is much faster with a GPU.
2022-11-10 23:22:34,061 Using CPU. Note: This module is much faster with a GPU.
2022-11-10 23:23:50,932 Using CPU. Note: This module is much faster with a GPU.
2022-11-10 23:24:41,778 Using CPU. Note: This module is much faster with a GPU.
2022-11-10 23:29:01,384 Using CPU. Note: This module is much faster with a GPU.
2022-11-10 23:37:14,090 Using CPU. Note: This module is much faster with a GPU.
2022-11-10 23:39:15,460 Using CPU. Note: This module is much faster with a GPU.
2022-11-10 23:56:05,110 Using CPU. Note: This module is much faster with a GPU.
2022-11-10 23:59:37,128 Using CPU. Note: This module is much faster with a GPU.
2022-11-11 00:00:40,939 Using CPU. Note: This module is much faster with a GPU.
2022-11-11 00:03:35,929 Using CPU. Note: This module is much faster with a GPU.
2022-11-11 22:19:28,714 Using CPU. Note: This module is much faster with a GPU.
2022-11-11 22:21:39,022 Using CPU. Note: This module is much faster with a GPU.
2022-11-11 22:23:07,489 Using CPU. Note: This module is much faster with a GPU.
2022-11-11 20:10:35,894 Using CPU. Note: This module is much faster with a GPU.
2022-11-11 20:20:17,772 Using CPU. Note: This module is much faster with a GPU.
2022-11-11 20:53:18,861 Using CPU. Note: This module is much faster with a GPU.
2022-11-11 20:54:26,411 Using CPU. Note: This module is much faster with a GPU.
2022-11-11 20:59:50,124 Using CPU. Note: This module is much faster with a GPU.
2022-11-11 21:00:04,390 Init, clean display - 3.1101 seconds
2022-11-11 21:00:04,390 Init, clean display - 3.1101 seconds
2022-11-11 21:07:16,752 Using CPU. Note: This module is much faster with a GPU.
2022-11-11 21:07:31,101 Init, clean display - 3.2294 seconds
2022-11-11 21:07:31,101 Init, clean display - 3.2294 seconds
2022-11-11 21:07:33,637 Display image - 2.5354 seconds
2022-11-11 21:07:33,637 Display image - 2.5354 seconds
2022-11-11 21:07:38,262 Init, clean display - 1.5264 seconds
2022-11-11 21:07:38,262 Init, clean display - 1.5264 seconds
2022-11-11 21:07:38,262 Init, clean display - 1.5264 seconds
2022-11-11 21:07:38,734 Display image - 0.4711 seconds
2022-11-11 21:07:38,734 Display image - 0.4711 seconds
2022-11-11 21:07:38,734 Display image - 0.4711 seconds
2022-11-11 21:07:44,974 Init, clean display - 3.1169 seconds
2022-11-11 21:07:44,974 Init, clean display - 3.1169 seconds
2022-11-11 21:07:44,974 Init, clean display - 3.1169 seconds
2022-11-11 21:07:44,974 Init, clean display - 3.1169 seconds
2022-11-11 21:16:43,216 Using CPU. Note: This module is much faster with a GPU.
2022-11-11 21:16:55,795 Init, clean display - 0.6129 seconds
2022-11-11 21:16:55,795 Init, clean display - 0.6129 seconds
2022-11-11 21:16:58,342 Display image - 2.5455 seconds
2022-11-11 21:16:58,342 Display image - 2.5455 seconds
2022-11-11 21:17:02,762 Init, clean display - 0.6127 seconds
2022-11-11 21:17:02,762 Init, clean display - 0.6127 seconds
2022-11-11 21:17:02,762 Init, clean display - 0.6127 seconds
2022-11-11 21:17:05,323 Display image - 2.5598 seconds
2022-11-11 21:17:05,323 Display image - 2.5598 seconds
2022-11-11 21:17:05,323 Display image - 2.5598 seconds
2022-11-11 21:17:09,715 Init, clean display - 0.6156 seconds
2022-11-11 21:17:09,715 Init, clean display - 0.6156 seconds
2022-11-11 21:17:09,715 Init, clean display - 0.6156 seconds
2022-11-11 21:17:09,715 Init, clean display - 0.6156 seconds
2022-11-11 21:17:12,301 Display image - 2.5854 seconds
2022-11-11 21:17:12,301 Display image - 2.5854 seconds
2022-11-11 21:17:12,301 Display image - 2.5854 seconds
2022-11-11 21:17:12,301 Display image - 2.5854 seconds
2022-11-11 21:17:16,681 Init, clean display - 0.6126 seconds
2022-11-11 21:17:16,681 Init, clean display - 0.6126 seconds
2022-11-11 21:17:16,681 Init, clean display - 0.6126 seconds
2022-11-11 21:17:16,681 Init, clean display - 0.6126 seconds
2022-11-11 21:17:16,681 Init, clean display - 0.6126 seconds
2022-11-11 21:17:19,230 Display image - 2.5483 seconds
2022-11-11 21:17:19,230 Display image - 2.5483 seconds
2022-11-11 21:17:19,230 Display image - 2.5483 seconds
2022-11-11 21:17:19,230 Display image - 2.5483 seconds
2022-11-11 21:17:19,230 Display image - 2.5483 seconds
2022-11-11 21:17:23,590 Init, clean display - 0.6131 seconds
2022-11-11 21:17:23,590 Init, clean display - 0.6131 seconds
2022-11-11 21:17:23,590 Init, clean display - 0.6131 seconds
2022-11-11 21:17:23,590 Init, clean display - 0.6131 seconds
2022-11-11 21:17:23,590 Init, clean display - 0.6131 seconds
2022-11-11 21:17:23,590 Init, clean display - 0.6131 seconds
2022-11-11 21:17:26,130 Display image - 2.5391 seconds
2022-11-11 21:17:26,130 Display image - 2.5391 seconds
2022-11-11 21:17:26,130 Display image - 2.5391 seconds
2022-11-11 21:17:26,130 Display image - 2.5391 seconds
2022-11-11 21:17:26,130 Display image - 2.5391 seconds
2022-11-11 21:17:26,130 Display image - 2.5391 seconds
2022-11-11 21:17:31,057 Init, clean display - 0.6127 seconds
2022-11-11 21:17:31,057 Init, clean display - 0.6127 seconds
2022-11-11 21:17:31,057 Init, clean display - 0.6127 seconds
2022-11-11 21:17:31,057 Init, clean display - 0.6127 seconds
2022-11-11 21:17:31,057 Init, clean display - 0.6127 seconds
2022-11-11 21:17:31,057 Init, clean display - 0.6127 seconds
2022-11-11 21:17:31,057 Init, clean display - 0.6127 seconds
2022-11-11 21:17:33,600 Display image - 2.5420 seconds
2022-11-11 21:17:33,600 Display image - 2.5420 seconds
2022-11-11 21:17:33,600 Display image - 2.5420 seconds
2022-11-11 21:17:33,600 Display image - 2.5420 seconds
2022-11-11 21:17:33,600 Display image - 2.5420 seconds
2022-11-11 21:17:33,600 Display image - 2.5420 seconds
2022-11-11 21:17:33,600 Display image - 2.5420 seconds
2022-11-11 21:17:38,004 Init, clean display - 0.6126 seconds
2022-11-11 21:17:38,004 Init, clean display - 0.6126 seconds
2022-11-11 21:17:38,004 Init, clean display - 0.6126 seconds
2022-11-11 21:17:38,004 Init, clean display - 0.6126 seconds
2022-11-11 21:17:38,004 Init, clean display - 0.6126 seconds
2022-11-11 21:17:38,004 Init, clean display - 0.6126 seconds
2022-11-11 21:17:38,004 Init, clean display - 0.6126 seconds
2022-11-11 21:17:38,004 Init, clean display - 0.6126 seconds
2022-11-11 21:17:40,547 Display image - 2.5412 seconds
2022-11-11 21:17:40,547 Display image - 2.5412 seconds
2022-11-11 21:17:40,547 Display image - 2.5412 seconds
2022-11-11 21:17:40,547 Display image - 2.5412 seconds
2022-11-11 21:17:40,547 Display image - 2.5412 seconds
2022-11-11 21:17:40,547 Display image - 2.5412 seconds
2022-11-11 21:17:40,547 Display image - 2.5412 seconds
2022-11-11 21:17:40,547 Display image - 2.5412 seconds
2022-11-11 21:17:44,265 Init, clean display - 0.6128 seconds
2022-11-11 21:17:44,265 Init, clean display - 0.6128 seconds
2022-11-11 21:17:44,265 Init, clean display - 0.6128 seconds
2022-11-11 21:17:44,265 Init, clean display - 0.6128 seconds
2022-11-11 21:17:44,265 Init, clean display - 0.6128 seconds
2022-11-11 21:17:44,265 Init, clean display - 0.6128 seconds
2022-11-11 21:17:44,265 Init, clean display - 0.6128 seconds
2022-11-11 21:17:44,265 Init, clean display - 0.6128 seconds
2022-11-11 21:17:44,265 Init, clean display - 0.6128 seconds
2022-11-11 21:17:46,810 Display image - 2.5430 seconds
2022-11-11 21:17:46,810 Display image - 2.5430 seconds
2022-11-11 21:17:46,810 Display image - 2.5430 seconds
2022-11-11 21:17:46,810 Display image - 2.5430 seconds
2022-11-11 21:17:46,810 Display image - 2.5430 seconds
2022-11-11 21:17:46,810 Display image - 2.5430 seconds
2022-11-11 21:17:46,810 Display image - 2.5430 seconds
2022-11-11 21:17:46,810 Display image - 2.5430 seconds
2022-11-11 21:17:46,810 Display image - 2.5430 seconds
2022-11-11 21:17:50,538 Init, clean display - 0.6127 seconds
2022-11-11 21:17:50,538 Init, clean display - 0.6127 seconds
2022-11-11 21:17:50,538 Init, clean display - 0.6127 seconds
2022-11-11 21:17:50,538 Init, clean display - 0.6127 seconds
2022-11-11 21:17:50,538 Init, clean display - 0.6127 seconds
2022-11-11 21:17:50,538 Init, clean display - 0.6127 seconds
2022-11-11 21:17:50,538 Init, clean display - 0.6127 seconds
2022-11-11 21:17:50,538 Init, clean display - 0.6127 seconds
2022-11-11 21:17:50,538 Init, clean display - 0.6127 seconds
2022-11-11 21:17:50,538 Init, clean display - 0.6127 seconds
2022-11-11 21:17:53,086 Display image - 2.5464 seconds
2022-11-11 21:17:53,086 Display image - 2.5464 seconds
2022-11-11 21:17:53,086 Display image - 2.5464 seconds
2022-11-11 21:17:53,086 Display image - 2.5464 seconds
2022-11-11 21:17:53,086 Display image - 2.5464 seconds
2022-11-11 21:17:53,086 Display image - 2.5464 seconds
2022-11-11 21:17:53,086 Display image - 2.5464 seconds
2022-11-11 21:17:53,086 Display image - 2.5464 seconds
2022-11-11 21:17:53,086 Display image - 2.5464 seconds
2022-11-11 21:17:53,086 Display image - 2.5464 seconds
2022-11-11 21:17:56,588 Init, clean display - 0.4123 seconds
2022-11-11 21:17:56,588 Init, clean display - 0.4123 seconds
2022-11-11 21:17:56,588 Init, clean display - 0.4123 seconds
2022-11-11 21:17:56,588 Init, clean display - 0.4123 seconds
2022-11-11 21:17:56,588 Init, clean display - 0.4123 seconds
2022-11-11 21:17:56,588 Init, clean display - 0.4123 seconds
2022-11-11 21:17:56,588 Init, clean display - 0.4123 seconds
2022-11-11 21:17:56,588 Init, clean display - 0.4123 seconds
2022-11-11 21:17:56,588 Init, clean display - 0.4123 seconds
2022-11-11 21:17:56,588 Init, clean display - 0.4123 seconds
2022-11-11 21:17:56,588 Init, clean display - 0.4123 seconds
2022-11-11 21:26:21,044 Using CPU. Note: This module is much faster with a GPU.
2022-11-11 21:28:31,168 Using CPU. Note: This module is much faster with a GPU.
2022-11-11 21:30:01,458 Using CPU. Note: This module is much faster with a GPU.
2022-11-11 21:30:16,639 Init, clean display - 3.1080 seconds
2022-11-11 21:30:16,639 Init, clean display - 3.1080 seconds
2022-11-11 21:30:19,200 Display image - 2.5604 seconds
2022-11-11 21:30:19,200 Display image - 2.5604 seconds
2022-11-11 21:30:24,487 Init, clean display - 3.1383 seconds
2022-11-11 21:30:24,487 Init, clean display - 3.1383 seconds
2022-11-11 21:30:24,487 Init, clean display - 3.1383 seconds
2022-11-11 21:30:27,019 Display image - 2.5305 seconds
2022-11-11 21:30:27,019 Display image - 2.5305 seconds
2022-11-11 21:30:27,019 Display image - 2.5305 seconds
2022-11-11 21:30:32,358 Init, clean display - 3.1126 seconds
2022-11-11 21:30:32,358 Init, clean display - 3.1126 seconds
2022-11-11 21:30:32,358 Init, clean display - 3.1126 seconds
2022-11-11 21:30:32,358 Init, clean display - 3.1126 seconds
2022-11-11 21:30:34,957 Display image - 2.5938 seconds
2022-11-11 21:30:34,957 Display image - 2.5938 seconds
2022-11-11 21:30:34,957 Display image - 2.5938 seconds
2022-11-11 21:30:34,957 Display image - 2.5938 seconds
2022-11-11 21:30:40,273 Init, clean display - 3.1659 seconds
2022-11-11 21:30:40,273 Init, clean display - 3.1659 seconds
2022-11-11 21:30:40,273 Init, clean display - 3.1659 seconds
2022-11-11 21:30:40,273 Init, clean display - 3.1659 seconds
2022-11-11 21:30:40,273 Init, clean display - 3.1659 seconds
2022-11-11 21:30:42,804 Display image - 2.5304 seconds
2022-11-11 21:30:42,804 Display image - 2.5304 seconds
2022-11-11 21:30:42,804 Display image - 2.5304 seconds
2022-11-11 21:30:42,804 Display image - 2.5304 seconds
2022-11-11 21:30:42,804 Display image - 2.5304 seconds
2022-11-11 21:30:48,078 Init, clean display - 3.1077 seconds
2022-11-11 21:30:48,078 Init, clean display - 3.1077 seconds
2022-11-11 21:30:48,078 Init, clean display - 3.1077 seconds
2022-11-11 21:30:48,078 Init, clean display - 3.1077 seconds
2022-11-11 21:30:48,078 Init, clean display - 3.1077 seconds
2022-11-11 21:30:48,078 Init, clean display - 3.1077 seconds
2022-11-11 21:30:50,638 Display image - 2.5585 seconds
2022-11-11 21:30:50,638 Display image - 2.5585 seconds
2022-11-11 21:30:50,638 Display image - 2.5585 seconds
2022-11-11 21:30:50,638 Display image - 2.5585 seconds
2022-11-11 21:30:50,638 Display image - 2.5585 seconds
2022-11-11 21:30:50,638 Display image - 2.5585 seconds
2022-11-11 21:30:55,977 Init, clean display - 3.1708 seconds
2022-11-11 21:30:55,977 Init, clean display - 3.1708 seconds
2022-11-11 21:30:55,977 Init, clean display - 3.1708 seconds
2022-11-11 21:30:55,977 Init, clean display - 3.1708 seconds
2022-11-11 21:30:55,977 Init, clean display - 3.1708 seconds
2022-11-11 21:30:55,977 Init, clean display - 3.1708 seconds
2022-11-11 21:30:55,977 Init, clean display - 3.1708 seconds
2022-11-11 21:30:58,507 Display image - 2.5294 seconds
2022-11-11 21:30:58,507 Display image - 2.5294 seconds
2022-11-11 21:30:58,507 Display image - 2.5294 seconds
2022-11-11 21:30:58,507 Display image - 2.5294 seconds
2022-11-11 21:30:58,507 Display image - 2.5294 seconds
2022-11-11 21:30:58,507 Display image - 2.5294 seconds
2022-11-11 21:30:58,507 Display image - 2.5294 seconds
2022-11-11 21:31:03,807 Init, clean display - 3.1075 seconds
2022-11-11 21:31:03,807 Init, clean display - 3.1075 seconds
2022-11-11 21:31:03,807 Init, clean display - 3.1075 seconds
2022-11-11 21:31:03,807 Init, clean display - 3.1075 seconds
2022-11-11 21:31:03,807 Init, clean display - 3.1075 seconds
2022-11-11 21:31:03,807 Init, clean display - 3.1075 seconds
2022-11-11 21:31:03,807 Init, clean display - 3.1075 seconds
2022-11-11 21:31:03,807 Init, clean display - 3.1075 seconds
2022-11-11 21:31:06,377 Display image - 2.5671 seconds
2022-11-11 21:31:06,377 Display image - 2.5671 seconds
2022-11-11 21:31:06,377 Display image - 2.5671 seconds
2022-11-11 21:31:06,377 Display image - 2.5671 seconds
2022-11-11 21:31:06,377 Display image - 2.5671 seconds
2022-11-11 21:31:06,377 Display image - 2.5671 seconds
2022-11-11 21:31:06,377 Display image - 2.5671 seconds
2022-11-11 21:31:06,377 Display image - 2.5671 seconds
2022-11-11 21:32:24,365 Using CPU. Note: This module is much faster with a GPU.
2022-11-11 21:32:39,086 Init, clean display - 3.1123 seconds
2022-11-11 21:32:39,086 Init, clean display - 3.1123 seconds
2022-11-11 21:32:41,612 Display image - 2.5247 seconds
2022-11-11 21:32:41,612 Display image - 2.5247 seconds
2022-11-11 21:32:46,117 Init, clean display - 3.1058 seconds
2022-11-11 21:32:46,117 Init, clean display - 3.1058 seconds
2022-11-11 21:32:46,117 Init, clean display - 3.1058 seconds
2022-11-11 21:32:48,642 Display image - 2.5242 seconds
2022-11-11 21:32:48,642 Display image - 2.5242 seconds
2022-11-11 21:32:48,642 Display image - 2.5242 seconds
2022-11-11 21:32:52,889 Init, clean display - 3.1057 seconds
2022-11-11 21:32:52,889 Init, clean display - 3.1057 seconds
2022-11-11 21:32:52,889 Init, clean display - 3.1057 seconds
2022-11-11 21:32:52,889 Init, clean display - 3.1057 seconds
2022-11-11 21:32:55,416 Display image - 2.5258 seconds
2022-11-11 21:32:55,416 Display image - 2.5258 seconds
2022-11-11 21:32:55,416 Display image - 2.5258 seconds
2022-11-11 21:32:55,416 Display image - 2.5258 seconds
2022-11-11 21:32:59,727 Init, clean display - 3.1055 seconds
2022-11-11 21:32:59,727 Init, clean display - 3.1055 seconds
2022-11-11 21:32:59,727 Init, clean display - 3.1055 seconds
2022-11-11 21:32:59,727 Init, clean display - 3.1055 seconds
2022-11-11 21:32:59,727 Init, clean display - 3.1055 seconds
2022-11-11 21:33:02,249 Display image - 2.5202 seconds
2022-11-11 21:33:02,249 Display image - 2.5202 seconds
2022-11-11 21:33:02,249 Display image - 2.5202 seconds
2022-11-11 21:33:02,249 Display image - 2.5202 seconds
2022-11-11 21:33:02,249 Display image - 2.5202 seconds
2022-11-11 21:33:06,516 Init, clean display - 3.1070 seconds
2022-11-11 21:33:06,516 Init, clean display - 3.1070 seconds
2022-11-11 21:33:06,516 Init, clean display - 3.1070 seconds
2022-11-11 21:33:06,516 Init, clean display - 3.1070 seconds
2022-11-11 21:33:06,516 Init, clean display - 3.1070 seconds
2022-11-11 21:33:06,516 Init, clean display - 3.1070 seconds
2022-11-11 21:33:09,047 Display image - 2.5303 seconds
2022-11-11 21:33:09,047 Display image - 2.5303 seconds
2022-11-11 21:33:09,047 Display image - 2.5303 seconds
2022-11-11 21:33:09,047 Display image - 2.5303 seconds
2022-11-11 21:33:09,047 Display image - 2.5303 seconds
2022-11-11 21:33:09,047 Display image - 2.5303 seconds
2022-11-11 21:33:13,336 Init, clean display - 3.1068 seconds
2022-11-11 21:33:13,336 Init, clean display - 3.1068 seconds
2022-11-11 21:33:13,336 Init, clean display - 3.1068 seconds
2022-11-11 21:33:13,336 Init, clean display - 3.1068 seconds
2022-11-11 21:33:13,336 Init, clean display - 3.1068 seconds
2022-11-11 21:33:13,336 Init, clean display - 3.1068 seconds
2022-11-11 21:33:13,336 Init, clean display - 3.1068 seconds
2022-11-11 21:33:15,863 Display image - 2.5260 seconds
2022-11-11 21:33:15,863 Display image - 2.5260 seconds
2022-11-11 21:33:15,863 Display image - 2.5260 seconds
2022-11-11 21:33:15,863 Display image - 2.5260 seconds
2022-11-11 21:33:15,863 Display image - 2.5260 seconds
2022-11-11 21:33:15,863 Display image - 2.5260 seconds
2022-11-11 21:33:15,863 Display image - 2.5260 seconds
2022-11-11 21:33:20,159 Init, clean display - 3.1348 seconds
2022-11-11 21:33:20,159 Init, clean display - 3.1348 seconds
2022-11-11 21:33:20,159 Init, clean display - 3.1348 seconds
2022-11-11 21:33:20,159 Init, clean display - 3.1348 seconds
2022-11-11 21:33:20,159 Init, clean display - 3.1348 seconds
2022-11-11 21:33:20,159 Init, clean display - 3.1348 seconds
2022-11-11 21:33:20,159 Init, clean display - 3.1348 seconds
2022-11-11 21:33:20,159 Init, clean display - 3.1348 seconds
2022-11-11 21:33:22,689 Display image - 2.5289 seconds
2022-11-11 21:33:22,689 Display image - 2.5289 seconds
2022-11-11 21:33:22,689 Display image - 2.5289 seconds
2022-11-11 21:33:22,689 Display image - 2.5289 seconds
2022-11-11 21:33:22,689 Display image - 2.5289 seconds
2022-11-11 21:33:22,689 Display image - 2.5289 seconds
2022-11-11 21:33:22,689 Display image - 2.5289 seconds
2022-11-11 21:33:22,689 Display image - 2.5289 seconds
2022-11-11 21:33:26,954 Init, clean display - 3.1125 seconds
2022-11-11 21:33:26,954 Init, clean display - 3.1125 seconds
2022-11-11 21:33:26,954 Init, clean display - 3.1125 seconds
2022-11-11 21:33:26,954 Init, clean display - 3.1125 seconds
2022-11-11 21:33:26,954 Init, clean display - 3.1125 seconds
2022-11-11 21:33:26,954 Init, clean display - 3.1125 seconds
2022-11-11 21:33:26,954 Init, clean display - 3.1125 seconds
2022-11-11 21:33:26,954 Init, clean display - 3.1125 seconds
2022-11-11 21:33:26,954 Init, clean display - 3.1125 seconds
2022-11-11 21:33:29,486 Display image - 2.5309 seconds
2022-11-11 21:33:29,486 Display image - 2.5309 seconds
2022-11-11 21:33:29,486 Display image - 2.5309 seconds
2022-11-11 21:33:29,486 Display image - 2.5309 seconds
2022-11-11 21:33:29,486 Display image - 2.5309 seconds
2022-11-11 21:33:29,486 Display image - 2.5309 seconds
2022-11-11 21:33:29,486 Display image - 2.5309 seconds
2022-11-11 21:33:29,486 Display image - 2.5309 seconds
2022-11-11 21:33:29,486 Display image - 2.5309 seconds
2022-11-11 21:33:33,825 Init, clean display - 3.1725 seconds
2022-11-11 21:33:33,825 Init, clean display - 3.1725 seconds
2022-11-11 21:33:33,825 Init, clean display - 3.1725 seconds
2022-11-11 21:33:33,825 Init, clean display - 3.1725 seconds
2022-11-11 21:33:33,825 Init, clean display - 3.1725 seconds
2022-11-11 21:33:33,825 Init, clean display - 3.1725 seconds
2022-11-11 21:33:33,825 Init, clean display - 3.1725 seconds
2022-11-11 21:33:33,825 Init, clean display - 3.1725 seconds
2022-11-11 21:33:33,825 Init, clean display - 3.1725 seconds
2022-11-11 21:33:33,825 Init, clean display - 3.1725 seconds
2022-11-11 21:33:36,353 Display image - 2.5265 seconds
2022-11-11 21:33:36,353 Display image - 2.5265 seconds
2022-11-11 21:33:36,353 Display image - 2.5265 seconds
2022-11-11 21:33:36,353 Display image - 2.5265 seconds
2022-11-11 21:33:36,353 Display image - 2.5265 seconds
2022-11-11 21:33:36,353 Display image - 2.5265 seconds
2022-11-11 21:33:36,353 Display image - 2.5265 seconds
2022-11-11 21:33:36,353 Display image - 2.5265 seconds
2022-11-11 21:33:36,353 Display image - 2.5265 seconds
2022-11-11 21:33:36,353 Display image - 2.5265 seconds
2022-11-11 21:33:42,909 Init, clean display - 3.1646 seconds
2022-11-11 21:33:42,909 Init, clean display - 3.1646 seconds
2022-11-11 21:33:42,909 Init, clean display - 3.1646 seconds
2022-11-11 21:33:42,909 Init, clean display - 3.1646 seconds
2022-11-11 21:33:42,909 Init, clean display - 3.1646 seconds
2022-11-11 21:33:42,909 Init, clean display - 3.1646 seconds
2022-11-11 21:33:42,909 Init, clean display - 3.1646 seconds
2022-11-11 21:33:42,909 Init, clean display - 3.1646 seconds
2022-11-11 21:33:42,909 Init, clean display - 3.1646 seconds
2022-11-11 21:33:42,909 Init, clean display - 3.1646 seconds
2022-11-11 21:33:42,909 Init, clean display - 3.1646 seconds
2022-11-11 21:33:45,035 Display image - 2.1240 seconds
2022-11-11 21:33:45,035 Display image - 2.1240 seconds
2022-11-11 21:33:45,035 Display image - 2.1240 seconds
2022-11-11 21:33:45,035 Display image - 2.1240 seconds
2022-11-11 21:33:45,035 Display image - 2.1240 seconds
2022-11-11 21:33:45,035 Display image - 2.1240 seconds
2022-11-11 21:33:45,035 Display image - 2.1240 seconds
2022-11-11 21:33:45,035 Display image - 2.1240 seconds
2022-11-11 21:33:45,035 Display image - 2.1240 seconds
2022-11-11 21:33:45,035 Display image - 2.1240 seconds
2022-11-11 21:33:45,035 Display image - 2.1240 seconds
2022-11-11 22:24:20,128 Using CPU. Note: This module is much faster with a GPU.
2022-11-11 22:24:36,052 Init, clean display - 3.1116 seconds
2022-11-11 22:24:36,052 Init, clean display - 3.1116 seconds
2022-11-11 22:24:38,578 Display image - 2.5256 seconds
2022-11-11 22:24:38,578 Display image - 2.5256 seconds
2022-11-11 22:24:43,844 Init, clean display - 3.1091 seconds
2022-11-11 22:24:43,844 Init, clean display - 3.1091 seconds
2022-11-11 22:24:43,844 Init, clean display - 3.1091 seconds
2022-11-11 22:24:46,376 Display image - 2.5313 seconds
2022-11-11 22:24:46,376 Display image - 2.5313 seconds
2022-11-11 22:24:46,376 Display image - 2.5313 seconds
2022-11-11 22:24:51,730 Init, clean display - 3.2400 seconds
2022-11-11 22:24:51,730 Init, clean display - 3.2400 seconds
2022-11-11 22:24:51,730 Init, clean display - 3.2400 seconds
2022-11-11 22:24:51,730 Init, clean display - 3.2400 seconds
2022-11-11 22:24:54,396 Display image - 2.6636 seconds
2022-11-11 22:24:54,396 Display image - 2.6636 seconds
2022-11-11 22:24:54,396 Display image - 2.6636 seconds
2022-11-11 22:24:54,396 Display image - 2.6636 seconds
2022-11-11 22:24:59,661 Init, clean display - 3.1666 seconds
2022-11-11 22:24:59,661 Init, clean display - 3.1666 seconds
2022-11-11 22:24:59,661 Init, clean display - 3.1666 seconds
2022-11-11 22:24:59,661 Init, clean display - 3.1666 seconds
2022-11-11 22:24:59,661 Init, clean display - 3.1666 seconds
2022-11-11 22:25:02,187 Display image - 2.5254 seconds
2022-11-11 22:25:02,187 Display image - 2.5254 seconds
2022-11-11 22:25:02,187 Display image - 2.5254 seconds
2022-11-11 22:25:02,187 Display image - 2.5254 seconds
2022-11-11 22:25:02,187 Display image - 2.5254 seconds
2022-11-11 22:25:07,416 Init, clean display - 3.1118 seconds
2022-11-11 22:25:07,416 Init, clean display - 3.1118 seconds
2022-11-11 22:25:07,416 Init, clean display - 3.1118 seconds
2022-11-11 22:25:07,416 Init, clean display - 3.1118 seconds
2022-11-11 22:25:07,416 Init, clean display - 3.1118 seconds
2022-11-11 22:25:07,416 Init, clean display - 3.1118 seconds
2022-11-11 22:25:10,004 Display image - 2.5858 seconds
2022-11-11 22:25:10,004 Display image - 2.5858 seconds
2022-11-11 22:25:10,004 Display image - 2.5858 seconds
2022-11-11 22:25:10,004 Display image - 2.5858 seconds
2022-11-11 22:25:10,004 Display image - 2.5858 seconds
2022-11-11 22:25:10,004 Display image - 2.5858 seconds
2022-11-11 22:25:13,271 Init, clean display - 0.8032 seconds
2022-11-11 22:25:13,271 Init, clean display - 0.8032 seconds
2022-11-11 22:25:13,271 Init, clean display - 0.8032 seconds
2022-11-11 22:25:13,271 Init, clean display - 0.8032 seconds
2022-11-11 22:25:13,271 Init, clean display - 0.8032 seconds
2022-11-11 22:25:13,271 Init, clean display - 0.8032 seconds
2022-11-11 22:25:13,271 Init, clean display - 0.8032 seconds
2022-11-11 22:25:13,593 Display image - 0.3207 seconds
2022-11-11 22:25:13,593 Display image - 0.3207 seconds
2022-11-11 22:25:13,593 Display image - 0.3207 seconds
2022-11-11 22:25:13,593 Display image - 0.3207 seconds
2022-11-11 22:25:13,593 Display image - 0.3207 seconds
2022-11-11 22:25:13,593 Display image - 0.3207 seconds
2022-11-11 22:25:13,593 Display image - 0.3207 seconds
2022-11-11 22:27:37,473 Using CPU. Note: This module is much faster with a GPU.
2022-11-11 22:28:35,829 Using CPU. Note: This module is much faster with a GPU.
2022-11-12 21:50:28,543 Using CPU. Note: This module is much faster with a GPU.
2022-11-12 21:52:17,660 Using CPU. Note: This module is much faster with a GPU.
2022-11-12 21:54:05,625 Using CPU. Note: This module is much faster with a GPU.
2022-11-12 21:56:00,501 Using CPU. Note: This module is much faster with a GPU.
2022-11-12 21:56:25,501 Using CPU. Note: This module is much faster with a GPU.
2022-11-12 21:58:03,237 Using CPU. Note: This module is much faster with a GPU.
2022-11-12 22:18:13,280 Using CPU. Note: This module is much faster with a GPU.
2022-11-12 22:53:50,633 Using CPU. Note: This module is much faster with a GPU.
2022-11-13 10:23:00,152 Using CPU. Note: This module is much faster with a GPU.
2022-11-13 10:31:39,832 Using CPU. Note: This module is much faster with a GPU.
2022-11-13 11:27:27,434 Using CPU. Note: This module is much faster with a GPU.
2022-11-13 11:28:41,935 Using CPU. Note: This module is much faster with a GPU.
2022-11-13 12:30:25,327 Using CPU. Note: This module is much faster with a GPU.
2022-11-13 13:11:23,184 Using CPU. Note: This module is much faster with a GPU.
2022-11-13 14:03:25,770 Using CPU. Note: This module is much faster with a GPU.
2022-11-13 14:18:21,682 Using CPU. Note: This module is much faster with a GPU.
2022-11-13 17:15:21,744 Using CPU. Note: This module is much faster with a GPU.
2022-11-13 17:24:17,991 Using CPU. Note: This module is much faster with a GPU.
2022-11-13 17:27:51,325 Using CPU. Note: This module is much faster with a GPU.
2022-11-13 17:27:54,400 20221113162754152.jpg 1 numberplate detected. (3.0ms)-Load data, (242.4ms)-Inference, (0.9ms)-NMS
2022-11-13 17:27:54,402 20221113162754152.jpg 0 0.509 0.539062 0.888542 0.2125 0.14375
2022-11-13 17:27:54,548 20221113162754152.jpg Recognized number: , conf.:nan.
OCR total time: 144.7ms
2022-11-13 17:42:20,481 20221113164220282.jpg 1 numberplate detected. (1.0ms)-Load data, (195.9ms)-Inference, (1.1ms)-NMS
2022-11-13 17:42:20,481 20221113164220282.jpg 0 0.233 0.434375 0.0729167 0.259375 0.145833
2022-11-13 17:42:20,898 20221113164220744.jpg 1 numberplate detected. (2.0ms)-Load data, (151.1ms)-Inference, (1.0ms)-NMS
2022-11-13 17:42:20,899 20221113164220744.jpg 0 0.482 0.414844 0.078125 0.301562 0.15625
2022-11-13 17:42:21,512 20221113164221371.jpg 1 numberplate detected. (1.0ms)-Load data, (139.0ms)-Inference, (1.0ms)-NMS
2022-11-13 17:42:21,513 20221113164221371.jpg 0 0.316 0.417969 0.0854167 0.298438 0.158333
2022-11-13 17:42:23,187 20221113164223028.jpg 1 numberplate detected. (2.0ms)-Load data, (156.4ms)-Inference, (0.0ms)-NMS
2022-11-13 17:42:23,188 20221113164223028.jpg 0 0.414 0.385938 0.13125 0.30625 0.220833
2022-11-13 17:42:24,199 20221113164224055.jpg 1 numberplate detected. (2.0ms)-Load data, (141.2ms)-Inference, (1.0ms)-NMS
2022-11-13 17:42:24,200 20221113164224055.jpg 0 0.769 0.535937 0.211458 0.171875 0.189583
2022-11-13 17:42:24,703 20221113164224538.jpg 1 numberplate detected. (3.6ms)-Load data, (161.1ms)-Inference, (0.9ms)-NMS
2022-11-13 17:42:24,704 20221113164224538.jpg 0 0.793 0.596875 0.130208 0.209375 0.177083
2022-11-13 17:42:25,216 20221113164225018.jpg 1 numberplate detected. (3.0ms)-Load data, (193.1ms)-Inference, (1.0ms)-NMS
2022-11-13 17:42:25,217 20221113164225018.jpg 0 0.342 0.590625 0.0739583 0.225 0.135417
2022-11-13 17:42:25,661 20221113164225458.jpg 1 numberplate detected. (2.0ms)-Load data, (199.5ms)-Inference, (1.0ms)-NMS
2022-11-13 17:42:25,662 20221113164225458.jpg 0 0.84 0.592188 0.0458333 0.221875 0.0916667
2022-11-13 17:42:26,053 20221113164225848.jpg 1 numberplate detected. (2.0ms)-Load data, (201.2ms)-Inference, (1.0ms)-NMS
2022-11-13 17:42:26,054 20221113164225848.jpg 0 0.855 0.596094 0.0541667 0.226562 0.108333
2022-11-13 17:42:26,426 20221113164226234.jpg 1 numberplate detected. (3.2ms)-Load data, (187.4ms)-Inference, (1.0ms)-NMS
2022-11-13 17:42:26,428 20221113164226234.jpg 0 0.218 0.594531 0.178125 0.223438 0.185417
2022-11-13 17:42:26,866 20221113164226565.jpg 1 numberplate detected. (2.0ms)-Load data, (298.5ms)-Inference, (0.5ms)-NMS
2022-11-13 17:42:26,867 20221113164226565.jpg 0 0.692 0.582031 0.229167 0.226562 0.133333
2022-11-13 17:42:27,205 20221113164227012.jpg 1 numberplate detected. (2.9ms)-Load data, (189.4ms)-Inference, (1.0ms)-NMS
2022-11-13 17:42:27,207 20221113164227012.jpg 0 0.786 0.582812 0.230208 0.23125 0.14375
2022-11-13 17:42:27,625 20221113164227404.jpg 1 numberplate detected. (3.0ms)-Load data, (216.1ms)-Inference, (1.0ms)-NMS
2022-11-13 17:42:27,626 20221113164227404.jpg 0 0.707 0.596875 0.204167 0.228125 0.120833
2022-11-13 17:42:28,015 20221113164227812.jpg 1 numberplate detected. (3.0ms)-Load data, (198.4ms)-Inference, (1.0ms)-NMS
2022-11-13 17:42:28,016 20221113164227812.jpg 0 0.746 0.591406 0.196875 0.232812 0.10625
2022-11-13 17:42:28,356 20221113164228177.jpg 1 numberplate detected. (2.2ms)-Load data, (175.6ms)-Inference, (1.0ms)-NMS
2022-11-13 17:42:28,357 20221113164228177.jpg 0 0.707 0.594531 0.165625 0.239063 0.152083
2022-11-13 17:42:28,841 20221113164228536.jpg 1 numberplate detected. (3.0ms)-Load data, (300.3ms)-Inference, (1.1ms)-NMS
2022-11-13 17:42:28,842 20221113164228536.jpg 0 0.757 0.611719 0.158333 0.220313 0.1625
2022-11-13 17:42:29,787 20221113164229558.jpg 1 numberplate detected. (2.0ms)-Load data, (225.3ms)-Inference, (0.9ms)-NMS
2022-11-13 17:42:29,788 20221113164229558.jpg 0 0.547 0.595312 0.0666667 0.175 0.0916667
2022-11-13 17:42:30,177 20221113164229963.jpg 1 numberplate detected. (3.0ms)-Load data, (209.0ms)-Inference, (1.0ms)-NMS
2022-11-13 17:42:30,178 20221113164229963.jpg 0 0.492 0.596875 0.0677083 0.175 0.110417
2022-11-13 17:42:30,545 20221113164230337.jpg 1 numberplate detected. (2.7ms)-Load data, (203.0ms)-Inference, (1.0ms)-NMS
2022-11-13 17:42:30,546 20221113164230337.jpg 0 0.741 0.585938 0.0729167 0.18125 0.116667
2022-11-13 17:42:30,933 20221113164230739.jpg 1 numberplate detected. (3.0ms)-Load data, (189.8ms)-Inference, (0.0ms)-NMS
2022-11-13 17:42:30,934 20221113164230739.jpg 0 0.543 0.582031 0.065625 0.182812 0.11875
2022-11-13 17:42:31,456 20221113164231126.jpg 1 numberplate detected. (3.0ms)-Load data, (325.9ms)-Inference, (1.0ms)-NMS
2022-11-13 17:42:31,457 20221113164231126.jpg 0 0.843 0.569531 0.046875 0.185937 0.0895833
2022-11-13 17:42:31,932 20221113164231679.jpg 1 numberplate detected. (4.0ms)-Load data, (247.3ms)-Inference, (1.0ms)-NMS
2022-11-13 17:42:31,933 20221113164231679.jpg 0 0.466 0.592188 0.0416667 0.184375 0.0833333
2022-11-13 17:48:28,748 20221113164828618.jpg 1 numberplate detected. (1.0ms)-Load data, (128.0ms)-Inference, (0.0ms)-NMS
2022-11-13 17:48:28,749 20221113164828618.jpg 0 0.206 0.571875 0.322917 0.275 0.125
2022-11-13 17:48:29,293 20221113164829023.jpg 2 numberplates detected. (15.4ms)-Load data, (253.2ms)-Inference, (0.0ms)-NMS
2022-11-13 17:48:29,298 20221113164829023.jpg 0 0.357 0.603125 0.216667 0.140625 0.1125
2022-11-13 17:48:29,299 20221113164829023.jpg 0 0.36 0.614062 0.302083 0.371875 0.229167
2022-11-13 17:48:29,643 20221113164829490.jpg 1 numberplate detected. (2.0ms)-Load data, (150.1ms)-Inference, (0.0ms)-NMS
2022-11-13 17:48:29,644 20221113164829490.jpg 0 0.788 0.582812 0.215625 0.175 0.135417
2022-11-13 17:48:29,971 20221113164829799.jpg 1 numberplate detected. (2.0ms)-Load data, (169.0ms)-Inference, (0.0ms)-NMS
2022-11-13 17:48:29,972 20221113164829799.jpg 0 0.727 0.596094 0.242708 0.176563 0.135417
2022-11-13 17:48:30,279 20221113164830122.jpg 1 numberplate detected. (2.0ms)-Load data, (153.9ms)-Inference, (1.0ms)-NMS
2022-11-13 17:48:30,280 20221113164830122.jpg 0 0.542 0.607813 0.24375 0.1875 0.170833
2022-11-13 17:48:31,088 20221113164830943.jpg 1 numberplate detected. (1.2ms)-Load data, (143.2ms)-Inference, (1.0ms)-NMS
2022-11-13 17:48:31,090 20221113164830943.jpg 0 0.51 0.635938 0.241667 0.1875 0.195833
2022-11-13 17:48:31,475 20221113164831221.jpg 1 numberplate detected. (1.2ms)-Load data, (251.2ms)-Inference, (0.0ms)-NMS
2022-11-13 17:48:31,475 20221113164831221.jpg 0 0.9 0.632812 0.226042 0.184375 0.13125
2022-11-13 17:48:31,761 20221113164831606.jpg 1 numberplate detected. (2.1ms)-Load data, (152.0ms)-Inference, (0.0ms)-NMS
2022-11-13 17:48:31,762 20221113164831606.jpg 0 0.843 0.641406 0.233333 0.179688 0.1125
2022-11-13 17:48:32,124 20221113164831883.jpg 1 numberplate detected. (2.0ms)-Load data, (238.5ms)-Inference, (0.9ms)-NMS
2022-11-13 17:48:32,125 20221113164831883.jpg 0 0.763 0.648438 0.240625 0.1875 0.11875
2022-11-13 17:48:32,352 20221113164832197.jpg 1 numberplate detected. (1.7ms)-Load data, (152.8ms)-Inference, (1.1ms)-NMS
2022-11-13 17:48:32,353 20221113164832197.jpg 0 0.853 0.652344 0.248958 0.189063 0.122917
2022-11-13 17:48:32,641 20221113164832471.jpg 1 numberplate detected. (0.9ms)-Load data, (166.8ms)-Inference, (1.0ms)-NMS
2022-11-13 17:48:32,642 20221113164832471.jpg 0 0.84 0.658594 0.266667 0.195312 0.120833
2022-11-13 17:48:32,977 20221113164832784.jpg 2 numberplates detected. (2.0ms)-Load data, (190.4ms)-Inference, (0.9ms)-NMS
2022-11-13 17:48:32,978 20221113164832784.jpg 0 0.254 0.633594 0.113542 0.220313 0.0604167
2022-11-13 17:48:32,979 20221113164832784.jpg 0 0.899 0.657812 0.263542 0.196875 0.11875
2022-11-13 17:48:33,324 20221113164833132.jpg 1 numberplate detected. (3.0ms)-Load data, (188.0ms)-Inference, (1.0ms)-NMS
2022-11-13 17:48:33,326 20221113164833132.jpg 0 0.836 0.651563 0.245833 0.19375 0.116667
2022-11-13 17:48:33,850 20221113164833480.jpg 1 numberplate detected. (3.0ms)-Load data, (364.2ms)-Inference, (1.2ms)-NMS
2022-11-13 17:48:33,851 20221113164833480.jpg 0 0.766 0.651563 0.244792 0.19375 0.13125
2022-11-13 17:48:34,228 20221113164834014.jpg 1 numberplate detected. (3.0ms)-Load data, (210.3ms)-Inference, (1.0ms)-NMS
2022-11-13 17:48:34,230 20221113164834014.jpg 0 0.746 0.660156 0.261458 0.189063 0.102083
2022-11-13 17:48:34,720 20221113164834456.jpg 1 numberplate detected. (2.0ms)-Load data, (260.2ms)-Inference, (0.9ms)-NMS
2022-11-13 17:48:34,721 20221113164834456.jpg 0 0.824 0.6625 0.264583 0.184375 0.0958333
2022-11-13 17:48:35,089 20221113164834892.jpg 1 numberplate detected. (3.0ms)-Load data, (193.2ms)-Inference, (0.0ms)-NMS
2022-11-13 17:48:35,090 20221113164834892.jpg 0 0.859 0.667969 0.263542 0.189063 0.102083
2022-11-13 17:48:35,447 20221113164835244.jpg 1 numberplate detected. (2.0ms)-Load data, (199.4ms)-Inference, (0.9ms)-NMS
2022-11-13 17:48:35,449 20221113164835244.jpg 0 0.851 0.670313 0.267708 0.190625 0.110417
2022-11-13 17:48:35,783 20221113164835598.jpg 1 numberplate detected. (3.0ms)-Load data, (180.2ms)-Inference, (1.1ms)-NMS
2022-11-13 17:48:35,784 20221113164835598.jpg 0 0.86 0.672656 0.26875 0.189063 0.116667
2022-11-13 17:48:36,242 20221113164835934.jpg 1 numberplate detected. (1.1ms)-Load data, (306.4ms)-Inference, (0.9ms)-NMS
2022-11-13 17:48:36,243 20221113164835934.jpg 0 0.791 0.673437 0.271875 0.190625 0.10625
2022-11-13 17:48:36,584 20221113164836389.jpg 1 numberplate detected. (1.9ms)-Load data, (191.1ms)-Inference, (1.0ms)-NMS
2022-11-13 17:48:36,585 20221113164836389.jpg 0 0.841 0.675 0.26875 0.19375 0.1125
2022-11-13 17:48:36,991 20221113164836709.jpg 1 numberplate detected. (2.0ms)-Load data, (277.8ms)-Inference, (1.0ms)-NMS
2022-11-13 17:48:36,992 20221113164836709.jpg 0 0.812 0.684375 0.261458 0.184375 0.102083
2022-11-13 17:48:37,338 20221113164837145.jpg 1 numberplate detected. (2.3ms)-Load data, (189.8ms)-Inference, (1.0ms)-NMS
2022-11-13 17:48:37,340 20221113164837145.jpg 0 0.777 0.717188 0.288542 0.178125 0.122917
2022-11-13 17:48:38,761 20221113164838411.jpg 1 numberplate detected. (3.1ms)-Load data, (344.9ms)-Inference, (0.9ms)-NMS
2022-11-13 17:48:38,762 20221113164838411.jpg 0 0.468 0.859375 0.426042 0.1625 0.114583
2022-11-13 17:48:39,058 20221113164838869.jpg 1 numberplate detected. (2.0ms)-Load data, (186.9ms)-Inference, (1.0ms)-NMS
2022-11-13 17:48:39,060 20221113164838869.jpg 0 0.388 0.914844 0.535417 0.164062 0.125
2022-11-13 17:48:39,505 20221113164839166.jpg 1 numberplate detected. (2.1ms)-Load data, (334.6ms)-Inference, (2.0ms)-NMS
2022-11-13 17:48:39,507 20221113164839166.jpg 0 0.688 0.909375 0.503125 0.165625 0.11875
2022-11-13 17:48:39,842 20221113164839635.jpg 1 numberplate detected. (3.4ms)-Load data, (201.8ms)-Inference, (1.1ms)-NMS
2022-11-13 17:48:39,843 20221113164839635.jpg 0 0.717 0.892969 0.509375 0.164062 0.114583
