2022-11-29 11:10:58,990 20221129101057206.jpg Recognized number: LDC812, conf.:1.0, OCR total time: 0.994s.
2022-11-29 11:12:26,913 20221129101225167.jpg Recognized number: LDC812, conf.:0.97, OCR total time: 0.928s.
2022-11-29 11:12:36,710 20221129101235125.jpg Recognized number: LDC812, conf.:0.92, OCR total time: 0.887s.
2022-11-29 11:12:46,397 20221129101244727.jpg Recognized number: LDC812, conf.:0.98, OCR total time: 0.964s.
2022-11-29 11:13:04,350 20221129101302915.jpg Recognized number: TAXI, conf.:1.0, OCR total time: 0.732s.
2022-11-29 11:13:13,662 20221129101312256.jpg Recognized number: TAXI, conf.:1.0, OCR total time: 0.708s.
2022-11-29 11:53:14,958 20221129105313314.jpg Recognized number: DHKSI, conf.:0.27, OCR total time: 0.835s.
2022-11-29 11:53:24,329 20221129105322803.jpg Recognized number: DAS, conf.:0.34, OCR total time: 0.827s.
2022-11-29 11:53:34,107 20221129105332142.jpg Recognized number: HDHP51, conf.:0.07, OCR total time: 1.292s.
2022-11-29 11:53:43,424 20221129105341984.jpg Recognized number: MAKSL, conf.:0.19, OCR total time: 0.712s.
2022-11-29 11:54:02,002 20221129105359808.jpg Recognized number: AA0187XB, conf.:1.0, OCR total time: 1.470s.
2022-11-29 11:54:11,892 20221129105409861.jpg Recognized number: AA0187XB, conf.:1.0, OCR total time: 1.350s.
2022-11-29 11:54:21,809 20221129105419727.jpg Recognized number: AA0187XB, conf.:1.0, OCR total time: 1.303s.
2022-11-29 11:54:31,671 20221129105429680.jpg Recognized number: AA0187XB, conf.:1.0, OCR total time: 1.288s.
2022-11-29 11:54:41,607 20221129105439561.jpg Recognized number: AA0187XB, conf.:1.0, OCR total time: 1.312s.
2022-11-29 11:54:51,408 20221129105449446.jpg Recognized number: DST04870, conf.:0.95, OCR total time: 1.291s.
2022-11-29 11:55:01,556 20221129105459300.jpg Recognized number: DW30420, conf.:0.99, OCR total time: 1.575s.
2022-11-29 11:55:20,653 20221129105517939.jpg Recognized number: DN9AKSI, conf.:0.08, OCR total time: 2.018s.
2022-11-29 11:57:22,710 20221129105721140.jpg Recognized number: DH9KS1, conf.:0.12, OCR total time: 0.753s.
2022-11-29 11:57:32,574 20221129105730888.jpg Recognized number: HDL9S, conf.:0.06, OCR total time: 0.992s.
2022-11-29 11:57:41,831 20221129105740445.jpg Recognized number: 2S1, conf.:0.16, OCR total time: 0.735s.
2022-11-29 11:57:51,180 20221129105749728.jpg Recognized number: I9ES, conf.:0.15, OCR total time: 0.745s.
2022-11-29 11:58:00,413 20221129105759012.jpg Recognized number: DD9KS, conf.:0.16, OCR total time: 0.737s.
2022-11-29 11:58:09,805 20221129105808230.jpg Recognized number: DH9AK5TL, conf.:0.2, OCR total time: 0.936s.
2022-11-29 11:58:19,191 20221129105817733.jpg Recognized number: IDA2KS, conf.:0.12, OCR total time: 0.791s.
2022-11-29 11:58:28,002 20221129105827052.jpg Recognized number: None, conf.:None, OCR total time: 0.285s.
2022-11-29 11:58:37,712 20221129105835850.jpg Recognized number: DNSR, conf.:0.07, OCR total time: 1.201s.
2022-11-29 11:59:03,491 20221129105902600.jpg Recognized number: None, conf.:None, OCR total time: 0.250s.
2022-11-29 11:59:12,807 20221129105911391.jpg Recognized number: EPJJ6, conf.:0.85, OCR total time: 0.736s.
2022-11-29 11:59:22,401 20221129105920707.jpg Recognized number: L0529, conf.:0.07, OCR total time: 1.057s.
2022-11-29 11:59:31,983 20221129105930293.jpg Recognized number: FEPJED2, conf.:0.05, OCR total time: 1.008s.
2022-11-29 11:59:41,546 20221129105939824.jpg Recognized number: L05TA, conf.:0.01, OCR total time: 1.043s.
2022-11-29 12:00:26,147 20221129110023853.jpg Recognized number: 0187, conf.:1.0, OCR total time: 1.603s.
2022-11-29 12:00:36,601 20221129110034288.jpg Recognized number: AA0187XB, conf.:1.0, OCR total time: 1.623s.
2022-11-29 12:00:46,370 20221129110044468.jpg Recognized number: AA0187XB, conf.:1.0, OCR total time: 1.238s.
2022-11-29 12:00:55,351 20221129110054196.jpg Recognized number: FG, conf.:0.17, OCR total time: 0.522s.
2022-11-29 12:01:05,501 20221129110103226.jpg Recognized number: DW5A460, conf.:0.5, OCR total time: 1.595s.
2022-11-29 12:01:15,881 20221129110113579.jpg Recognized number: AA0187XB, conf.:0.81, OCR total time: 1.623s.
2022-11-29 12:01:33,803 20221129110132215.jpg Recognized number: MD929451, conf.:0.72, OCR total time: 0.923s.
2022-11-29 12:01:43,354 20221129110141670.jpg Recognized number: WD92945, conf.:0.62, OCR total time: 1.049s.
2022-11-29 12:34:36,250 20221129113435205.jpg Recognized number: None, conf.:None, OCR total time: 0.347s.
2022-11-29 12:34:46,183 20221129113444087.jpg Recognized number: DN57R32, conf.:0.31, OCR total time: 1.412s.
2022-11-29 12:34:55,700 20221129113454030.jpg Recognized number: DWSRR39, conf.:0.8, OCR total time: 1.007s.
2022-11-29 12:35:05,280 20221129113503552.jpg Recognized number: DWSRR39, conf.:0.53, OCR total time: 1.074s.
2022-11-30 23:25:51,516 20221130222549874.jpg Recognized number: LDC312, conf.:0.26, OCR total time: 1.034s.
2022-11-30 23:25:54,204 20221130222552382.jpg Recognized number: LDCL812, conf.:0.36, OCR total time: 1.106s.
2022-11-30 23:25:56,082 20221130222554325.jpg Recognized number: LDC812, conf.:1.0, OCR total time: 1.071s.
2022-11-30 23:25:58,111 20221130222556173.jpg Recognized number: None, conf.:None, OCR total time: 1.247s.
2022-11-30 23:26:00,153 20221130222558204.jpg Recognized number: DC612, conf.:0.97, OCR total time: 1.208s.
2022-11-30 23:26:02,246 20221130222600248.jpg Recognized number: DC812, conf.:0.66, OCR total time: 1.283s.
2022-11-30 23:26:04,126 20221130222602352.jpg Recognized number: 812, conf.:0.79, OCR total time: 1.038s.
2022-11-30 23:26:05,911 20221130222604220.jpg Recognized number: None, conf.:None, OCR total time: 0.934s.
2022-11-30 23:26:08,166 20221130222606006.jpg Recognized number: LDCI812, conf.:0.55, OCR total time: 1.444s.
2022-11-30 23:26:10,323 20221130222608269.jpg Recognized number: LDCF812, conf.:0.78, OCR total time: 1.332s.
2022-11-30 23:26:12,353 20221130222610416.jpg Recognized number: LDC812, conf.:0.74, OCR total time: 1.228s.
2022-11-30 23:26:14,140 20221130222612445.jpg Recognized number: LDC812, conf.:1.0, OCR total time: 0.910s.
2022-11-30 23:26:15,889 20221130222614225.jpg Recognized number: LDC812, conf.:0.89, OCR total time: 0.953s.
2022-11-30 23:26:18,447 20221130222616749.jpg Recognized number: LDCF812, conf.:0.43, OCR total time: 0.991s.
2022-11-30 23:26:20,157 20221130222618550.jpg Recognized number: LDC812, conf.:0.44, OCR total time: 0.894s.
2022-11-30 23:26:22,349 20221130222620276.jpg Recognized number: LDC812, conf.:0.78, OCR total time: 1.094s.
2022-11-30 23:26:24,197 20221130222622367.jpg Recognized number: LDC812, conf.:1.0, OCR total time: 1.060s.
2022-11-30 23:26:25,941 20221130222624210.jpg Recognized number: LDC812, conf.:0.99, OCR total time: 0.939s.
2022-11-30 23:26:27,686 20221130222625953.jpg Recognized number: LDCF812, conf.:0.51, OCR total time: 1.019s.
2022-11-30 23:26:29,485 20221130222627704.jpg Recognized number: LDC812, conf.:0.92, OCR total time: 1.053s.
